This file contains any messages produced by compilers while
running configure, to aid debugging if configure makes a mistake.

It was created by configure, which was
generated by GNU Autoconf 2.53.  Invocation command line was

  $ ./configure 

## --------- ##
## Platform. ##
## --------- ##

hostname = dorar4.kuins.minidora.net
uname -m = i386
uname -r = 6.3-RELEASE-p4
uname -s = FreeBSD
uname -v = FreeBSD 6.3-RELEASE-p4 #0: Tue Sep  2 23:52:50 UTC 2008     root@i386-builder.daemonology.net:/usr/obj/usr/src/sys/GENERIC 

/usr/bin/uname -p = i386
/bin/uname -X     = unknown

/bin/arch              = unknown
/usr/bin/arch -k       = unknown
/usr/convex/getsysinfo = unknown
hostinfo               = unknown
/bin/machine           = unknown
/usr/bin/oslevel       = unknown
/bin/universe          = unknown

PATH: /sbin
PATH: /bin
PATH: /usr/sbin
PATH: /usr/bin
PATH: /usr/pkg/sbin
PATH: /usr/pkg/bin
PATH: /usr/local/sbin
PATH: /usr/local/bin
PATH: /usr/pkg/xorg/sbin
PATH: /usr/pkg/xorg/bin
PATH: /home/emon/cmd
PATH: /home/emon/bin


## ----------- ##
## Core tests. ##
## ----------- ##

configure:1213: checking whether make sets ${MAKE}
configure:1233: result: yes
configure:1288: checking for gcc
configure:1304: found /usr/bin/gcc
configure:1314: result: gcc
configure:1558: checking for C compiler version
configure:1561: gcc --version </dev/null >&5
gcc (GCC) 3.4.6 [FreeBSD] 20060305
Copyright (C) 2006 Free Software Foundation, Inc.
This is free software; see the source for copying conditions.  There is NO
warranty; not even for MERCHANTABILITY or FITNESS FOR A PARTICULAR PURPOSE.

configure:1564: $? = 0
configure:1566: gcc -v </dev/null >&5
Using built-in specs.
Configured with: FreeBSD/i386 system compiler
Thread model: posix
gcc version 3.4.6 [FreeBSD] 20060305
configure:1569: $? = 0
configure:1571: gcc -V </dev/null >&5
gcc: `-V' option must have argument
configure:1574: $? = 1
configure:1600: checking for C compiler default output
configure:1603: gcc    conftest.c  >&5
configure:1606: $? = 0
configure:1639: result: a.out
configure:1644: checking whether the C compiler works
configure:1650: ./a.out
configure:1653: $? = 0
configure:1668: result: yes
configure:1675: checking whether we are cross compiling
configure:1677: result: no
configure:1680: checking for suffix of executables
configure:1682: gcc -o conftest    conftest.c  >&5
configure:1685: $? = 0
configure:1707: result: 
configure:1713: checking for suffix of object files
configure:1737: gcc -c   conftest.c >&5
configure:1740: $? = 0
configure:1759: result: o
configure:1763: checking whether we are using the GNU C compiler
configure:1790: gcc -c   conftest.c >&5
configure:1793: $? = 0
configure:1796: test -s conftest.o
configure:1799: $? = 0
configure:1811: result: yes
configure:1817: checking whether gcc accepts -g
configure:1841: gcc -c -g  conftest.c >&5
configure:1844: $? = 0
configure:1847: test -s conftest.o
configure:1850: $? = 0
configure:1860: result: yes
configure:1887: gcc -c -g -O2  conftest.c >&5
conftest.c:2: error: syntax error before "me"
configure:1890: $? = 1
configure: failed program was:
#ifndef __cplusplus
  choke me
#endif
configure:2003: checking for library containing getaddrinfo
configure:2036: gcc -o conftest -g -O2   conftest.c  >&5
configure:2039: $? = 0
configure:2042: test -s conftest
configure:2045: $? = 0
configure:2104: result: none required
configure:2159: checking for sdl-config
configure:2177: found /usr/local/bin/sdl-config
configure:2190: result: /usr/local/bin/sdl-config
configure:2198: checking for SDL - version >= 1.1.6
configure:2285: gcc -o conftest -g -O2 -I/usr/local/include/SDL -I/usr/local/include -D_GNU_SOURCE=1 -D_REENTRANT   conftest.c  -L/usr/local/lib -Wl,-rpath,/usr/local/lib -lSDL -pthread >&5
configure:2288: $? = 0
configure:2290: ./conftest
configure:2293: $? = 0
configure:2310: result: yes
configure:2398: checking how to run the C preprocessor
configure:2424: gcc -E  conftest.c
configure:2430: $? = 0
configure:2457: gcc -E  conftest.c
configure:2453:28: ac_nonexistent.h: No such file or directory
configure:2463: $? = 1
configure: failed program was:
#line 2452 "configure"
#include "confdefs.h"
#include <ac_nonexistent.h>
configure:2500: result: gcc -E
configure:2515: gcc -E  conftest.c
configure:2521: $? = 0
configure:2548: gcc -E  conftest.c
configure:2544:28: ac_nonexistent.h: No such file or directory
configure:2554: $? = 1
configure: failed program was:
#line 2543 "configure"
#include "confdefs.h"
#include <ac_nonexistent.h>
configure:2594: checking for ANSI C header files
configure:2608: gcc -E  conftest.c
configure:2614: $? = 0
configure:2701: gcc -o conftest -g -O2   conftest.c  >&5
configure:2704: $? = 0
configure:2706: ./conftest
configure:2709: $? = 0
configure:2723: result: yes
configure:2733: checking for sys/wait.h that is POSIX.1 compatible
configure:2767: gcc -c -g -O2  conftest.c >&5
configure:2770: $? = 0
configure:2773: test -s conftest.o
configure:2776: $? = 0
configure:2786: result: yes
configure:2810: checking for sys/types.h
configure:2823: gcc -c -g -O2  conftest.c >&5
configure:2826: $? = 0
configure:2829: test -s conftest.o
configure:2832: $? = 0
configure:2842: result: yes
configure:2810: checking for sys/stat.h
configure:2823: gcc -c -g -O2  conftest.c >&5
configure:2826: $? = 0
configure:2829: test -s conftest.o
configure:2832: $? = 0
configure:2842: result: yes
configure:2810: checking for stdlib.h
configure:2823: gcc -c -g -O2  conftest.c >&5
configure:2826: $? = 0
configure:2829: test -s conftest.o
configure:2832: $? = 0
configure:2842: result: yes
configure:2810: checking for string.h
configure:2823: gcc -c -g -O2  conftest.c >&5
configure:2826: $? = 0
configure:2829: test -s conftest.o
configure:2832: $? = 0
configure:2842: result: yes
configure:2810: checking for memory.h
configure:2823: gcc -c -g -O2  conftest.c >&5
configure:2826: $? = 0
configure:2829: test -s conftest.o
configure:2832: $? = 0
configure:2842: result: yes
configure:2810: checking for strings.h
configure:2823: gcc -c -g -O2  conftest.c >&5
configure:2826: $? = 0
configure:2829: test -s conftest.o
configure:2832: $? = 0
configure:2842: result: yes
configure:2810: checking for inttypes.h
configure:2823: gcc -c -g -O2  conftest.c >&5
configure:2826: $? = 0
configure:2829: test -s conftest.o
configure:2832: $? = 0
configure:2842: result: yes
configure:2810: checking for stdint.h
configure:2823: gcc -c -g -O2  conftest.c >&5
configure:2826: $? = 0
configure:2829: test -s conftest.o
configure:2832: $? = 0
configure:2842: result: yes
configure:2810: checking for unistd.h
configure:2823: gcc -c -g -O2  conftest.c >&5
configure:2826: $? = 0
configure:2829: test -s conftest.o
configure:2832: $? = 0
configure:2842: result: yes
configure:2870: checking fcntl.h usability
configure:2879: gcc -c -g -O2  conftest.c >&5
configure:2882: $? = 0
configure:2885: test -s conftest.o
configure:2888: $? = 0
configure:2897: result: yes
configure:2901: checking fcntl.h presence
configure:2908: gcc -E  conftest.c
configure:2914: $? = 0
configure:2932: result: yes
configure:2950: checking for fcntl.h
configure:2957: result: yes
configure:2870: checking sys/time.h usability
configure:2879: gcc -c -g -O2  conftest.c >&5
configure:2882: $? = 0
configure:2885: test -s conftest.o
configure:2888: $? = 0
configure:2897: result: yes
configure:2901: checking sys/time.h presence
configure:2908: gcc -E  conftest.c
configure:2914: $? = 0
configure:2932: result: yes
configure:2950: checking for sys/time.h
configure:2957: result: yes
configure:2861: checking for unistd.h
configure:2866: result: yes
configure:2984: checking sys/soundcard.h usability
configure:2993: gcc -c -g -O2  conftest.c >&5
configure:2996: $? = 0
configure:2999: test -s conftest.o
configure:3002: $? = 0
configure:3011: result: yes
configure:3015: checking sys/soundcard.h presence
configure:3022: gcc -E  conftest.c
configure:3028: $? = 0
configure:3046: result: yes
configure:3064: checking for sys/soundcard.h
configure:3071: result: yes
configure:3101: checking machine/soundcard.h usability
configure:3110: gcc -c -g -O2  conftest.c >&5
configure:3138:31: machine/soundcard.h: No such file or directory
configure:3113: $? = 1
configure: failed program was:
#line 3103 "configure"
#include "confdefs.h"
#include <stdio.h>
#if HAVE_SYS_TYPES_H
# include <sys/types.h>
#endif
#if HAVE_SYS_STAT_H
# include <sys/stat.h>
#endif
#if STDC_HEADERS
# include <stdlib.h>
# include <stddef.h>
#else
# if HAVE_STDLIB_H
#  include <stdlib.h>
# endif
#endif
#if HAVE_STRING_H
# if !STDC_HEADERS && HAVE_MEMORY_H
#  include <memory.h>
# endif
# include <string.h>
#endif
#if HAVE_STRINGS_H
# include <strings.h>
#endif
#if HAVE_INTTYPES_H
# include <inttypes.h>
#else
# if HAVE_STDINT_H
#  include <stdint.h>
# endif
#endif
#if HAVE_UNISTD_H
# include <unistd.h>
#endif
#include <machine/soundcard.h>
configure:3128: result: no
configure:3132: checking machine/soundcard.h presence
configure:3139: gcc -E  conftest.c
configure:3135:31: machine/soundcard.h: No such file or directory
configure:3145: $? = 1
configure: failed program was:
#line 3134 "configure"
#include "confdefs.h"
#include <machine/soundcard.h>
configure:3163: result: no
configure:3181: checking for machine/soundcard.h
configure:3188: result: no
configure:3218: checking soundcard.h usability
configure:3227: gcc -c -g -O2  conftest.c >&5
configure:3255:23: soundcard.h: No such file or directory
configure:3230: $? = 1
configure: failed program was:
#line 3220 "configure"
#include "confdefs.h"
#include <stdio.h>
#if HAVE_SYS_TYPES_H
# include <sys/types.h>
#endif
#if HAVE_SYS_STAT_H
# include <sys/stat.h>
#endif
#if STDC_HEADERS
# include <stdlib.h>
# include <stddef.h>
#else
# if HAVE_STDLIB_H
#  include <stdlib.h>
# endif
#endif
#if HAVE_STRING_H
# if !STDC_HEADERS && HAVE_MEMORY_H
#  include <memory.h>
# endif
# include <string.h>
#endif
#if HAVE_STRINGS_H
# include <strings.h>
#endif
#if HAVE_INTTYPES_H
# include <inttypes.h>
#else
# if HAVE_STDINT_H
#  include <stdint.h>
# endif
#endif
#if HAVE_UNISTD_H
# include <unistd.h>
#endif
#include <soundcard.h>
configure:3245: result: no
configure:3249: checking soundcard.h presence
configure:3256: gcc -E  conftest.c
configure:3252:23: soundcard.h: No such file or directory
configure:3262: $? = 1
configure: failed program was:
#line 3251 "configure"
#include "confdefs.h"
#include <soundcard.h>
configure:3280: result: no
configure:3298: checking for soundcard.h
configure:3305: result: no
configure:3352: checking for IPv6 capability
configure:3398: result: yes
configure:3405: checking for IPv4 capability
configure:3451: result: yes
configure:3459: checking for gcc option to accept ANSI C
configure:3522: gcc  -c -g -O2  conftest.c >&5
configure:3525: $? = 0
configure:3528: test -s conftest.o
configure:3531: $? = 0
configure:3548: result: none needed
configure:3556: checking for an ANSI C-conforming const
configure:3626: gcc -c -g -O2  conftest.c >&5
configure:3629: $? = 0
configure:3632: test -s conftest.o
configure:3635: $? = 0
configure:3645: result: yes
configure:3655: checking whether time.h and sys/time.h may both be included
configure:3683: gcc -c -g -O2  conftest.c >&5
configure:3686: $? = 0
configure:3689: test -s conftest.o
configure:3692: $? = 0
configure:3702: result: yes
configure:3712: checking for size_t
configure:3739: gcc -c -g -O2  conftest.c >&5
configure:3742: $? = 0
configure:3745: test -s conftest.o
configure:3748: $? = 0
configure:3758: result: yes
configure:3772: checking return type of signal handlers
configure:3806: gcc -c -g -O2  conftest.c >&5
configure:3809: $? = 0
configure:3812: test -s conftest.o
configure:3815: $? = 0
configure:3825: result: void
configure:3839: checking for gettimeofday
configure:3882: gcc -o conftest -g -O2   conftest.c  >&5
configure:3885: $? = 0
configure:3888: test -s conftest
configure:3891: $? = 0
configure:3901: result: yes
configure:3839: checking for select
configure:3882: gcc -o conftest -g -O2   conftest.c  >&5
configure:3885: $? = 0
configure:3888: test -s conftest
configure:3891: $? = 0
configure:3901: result: yes
configure:3839: checking for socket
configure:3882: gcc -o conftest -g -O2   conftest.c  >&5
configure:3885: $? = 0
configure:3888: test -s conftest
configure:3891: $? = 0
configure:3901: result: yes
configure:3917: checking for getaddrinfo
configure:3960: gcc -o conftest -g -O2   conftest.c  >&5
configure:3963: $? = 0
configure:3966: test -s conftest
configure:3969: $? = 0
configure:3979: result: yes
configure:3917: checking for getnameinfo
configure:3960: gcc -o conftest -g -O2   conftest.c  >&5
configure:3963: $? = 0
configure:3966: test -s conftest
configure:3969: $? = 0
configure:3979: result: yes
configure:3917: checking for net_addrcmp
configure:3960: gcc -o conftest -g -O2   conftest.c  >&5
/var/tmp//ccPkeAsc.o(.text+0x12): In function `main':
/home/emon/work/emon/src/configure:3950: undefined reference to `net_addrcmp'
configure:3963: $? = 1
configure: failed program was:
#line 3922 "configure"
#include "confdefs.h"
/* System header to define __stub macros and hopefully few prototypes,
    which can conflict with char net_addrcmp (); below.  */
#include <assert.h>
/* Override any gcc2 internal prototype to avoid an error.  */
#ifdef __cplusplus
extern "C"
#endif
/* We use char because int might match the return type of a gcc2
   builtin and then its argument prototype would still apply.  */
char net_addrcmp ();
char (*f) ();

#ifdef F77_DUMMY_MAIN
#  ifdef __cplusplus
     extern "C"
#  endif
   int F77_DUMMY_MAIN() { return 1; }
#endif
int
main ()
{
/* The GNU C library defines this for functions which it implements
    to always fail with ENOSYS.  Some functions are actually named
    something starting with __ and the normal name is an alias.  */
#if defined (__stub_net_addrcmp) || defined (__stub___net_addrcmp)
choke me
#else
f = net_addrcmp;
#endif

  ;
  return 0;
}
configure:3979: result: no
configure:4094: creating ./config.status

## ---------------------- ##
## Running config.status. ##
## ---------------------- ##

This file was extended by config.status, which was
generated by GNU Autoconf 2.53.  Invocation command line was

  CONFIG_FILES    = 
  CONFIG_HEADERS  = 
  CONFIG_LINKS    = 
  CONFIG_COMMANDS = 
  $ ./config.status 

on dorar4.kuins.minidora.net

config.status:563: creating Makefile
config.status:666: creating config.h
config.status:799: config.h is unchanged

## ---------------- ##
## Cache variables. ##
## ---------------- ##

ac_cv_c_compiler_gnu=yes
ac_cv_c_const=yes
ac_cv_env_CC_set=
ac_cv_env_CC_value=
ac_cv_env_CFLAGS_set=
ac_cv_env_CFLAGS_value=
ac_cv_env_CPPFLAGS_set=
ac_cv_env_CPPFLAGS_value=
ac_cv_env_CPP_set=
ac_cv_env_CPP_value=
ac_cv_env_LDFLAGS_set=
ac_cv_env_LDFLAGS_value=
ac_cv_env_build_alias_set=
ac_cv_env_build_alias_value=
ac_cv_env_host_alias_set=
ac_cv_env_host_alias_value=
ac_cv_env_target_alias_set=
ac_cv_env_target_alias_value=
ac_cv_exeext=
ac_cv_func_getaddrinfo=yes
ac_cv_func_getnameinfo=yes
ac_cv_func_gettimeofday=yes
ac_cv_func_net_addrcmp=no
ac_cv_func_select=yes
ac_cv_func_socket=yes
ac_cv_header_fcntl_h=yes
ac_cv_header_inttypes_h=yes
ac_cv_header_machine_soundcard_h=no
ac_cv_header_memory_h=yes
ac_cv_header_soundcard_h=no
ac_cv_header_stdc=yes
ac_cv_header_stdint_h=yes
ac_cv_header_stdlib_h=yes
ac_cv_header_string_h=yes
ac_cv_header_strings_h=yes
ac_cv_header_sys_soundcard_h=yes
ac_cv_header_sys_stat_h=yes
ac_cv_header_sys_time_h=yes
ac_cv_header_sys_types_h=yes
ac_cv_header_sys_wait_h=yes
ac_cv_header_time=yes
ac_cv_header_unistd_h=yes
ac_cv_inet=yes
ac_cv_inet6=yes
ac_cv_objext=o
ac_cv_path_SDL_CONFIG=/usr/local/bin/sdl-config
ac_cv_prog_CPP='gcc -E'
ac_cv_prog_ac_ct_CC=gcc
ac_cv_prog_cc_g=yes
ac_cv_prog_cc_stdc=
ac_cv_prog_make_make_set=yes
ac_cv_search_getaddrinfo='none required'
ac_cv_type_signal=void
ac_cv_type_size_t=yes

## ----------- ##
## confdefs.h. ##
## ----------- ##

#define PACKAGE_NAME ""
#define PACKAGE_TARNAME ""
#define PACKAGE_VERSION ""
#define PACKAGE_STRING ""
#define PACKAGE_BUGREPORT ""
#define STDC_HEADERS 1
#define HAVE_SYS_WAIT_H 1
#define HAVE_SYS_TYPES_H 1
#define HAVE_SYS_STAT_H 1
#define HAVE_STDLIB_H 1
#define HAVE_STRING_H 1
#define HAVE_MEMORY_H 1
#define HAVE_STRINGS_H 1
#define HAVE_INTTYPES_H 1
#define HAVE_STDINT_H 1
#define HAVE_UNISTD_H 1
#define HAVE_FCNTL_H 1
#define HAVE_SYS_TIME_H 1
#define HAVE_UNISTD_H 1
#define HAVE_SYS_SOUNDCARD_H 1
#define HAVE_SYS_SOUNDCARD_H 1
#define HAVE_SA_LEN 1
#define HAVE_SOCKADDR_STORAGE 1
#define INET6 1
#define INET 1
#define TIME_WITH_SYS_TIME 1
#define RETSIGTYPE void
#define HAVE_GETTIMEOFDAY 1
#define HAVE_SELECT 1
#define HAVE_SOCKET 1
#define HAVE_GETADDRINFO 1
#define HAVE_GETNAMEINFO 1

configure: exit 0
